admuser@vm1:~/otus-dz1$ vagrant up
Bringing machine 'kernel-update' up with 'virtualbox' provider...
==> kernel-update: Importing base box 'generic/centos8s'...
==> kernel-update: Matching MAC address for NAT networking...
==> kernel-update: Checking if box 'generic/centos8s' version '4.3.4' is up to date...
==> kernel-update: Setting the name of the VM: otus-dz1_kernel-update_1705148590991_9542
==> kernel-update: Clearing any previously set network interfaces...
==> kernel-update: Preparing network interfaces based on configuration...
    kernel-update: Adapter 1: nat
==> kernel-update: Forwarding ports...
    kernel-update: 22 (guest) => 2222 (host) (adapter 1)
==> kernel-update: Running 'pre-boot' VM customizations...
==> kernel-update: Booting VM...
==> kernel-update: Waiting for machine to boot. This may take a few minutes...
    kernel-update: SSH address: 127.0.0.1:2222
    kernel-update: SSH username: vagrant
    kernel-update: SSH auth method: private key
    kernel-update: 
    kernel-update: Vagrant insecure key detected. Vagrant will automatically replace
    kernel-update: this with a newly generated keypair for better security.
    kernel-update: 
    kernel-update: Inserting generated public key within guest...
    kernel-update: Removing insecure key from the guest if it's present...
    kernel-update: Key inserted! Disconnecting and reconnecting using new SSH key...
==> kernel-update: Machine booted and ready!
==> kernel-update: Checking for guest additions in VM...
    kernel-update: The guest additions on this VM do not match the installed version of
    kernel-update: VirtualBox! In most cases this is fine, but in rare cases it can
    kernel-update: prevent things such as shared folders from working properly. If you see
    kernel-update: shared folder errors, please make sure the guest additions within the
    kernel-update: virtual machine match the version of VirtualBox you have installed on
    kernel-update: your host and reload your VM.
    kernel-update: 
    kernel-update: Guest Additions Version: 6.1.30
    kernel-update: VirtualBox Version: 7.0
==> kernel-update: Setting hostname...
==> kernel-update: Running provisioner: shell...
    kernel-update: Running: inline script
    kernel-update: 4.18.0-516.el8.x86_64
    kernel-update: CentOS Stream 8 - AppStream                     881 kB/s |  35 MB     00:40
    kernel-update: CentOS Stream 8 - BaseOS                        1.4 MB/s |  58 MB     00:40
    kernel-update: CentOS Stream 8 - Extras                        5.3 kB/s |  18 kB     00:03
    kernel-update: CentOS Stream 8 - Extras common packages        940  B/s | 6.9 kB     00:07
    kernel-update: Extra Packages for Enterprise Linux 8 - x86_64  944 kB/s |  16 MB     00:17
    kernel-update: Extra Packages for Enterprise Linux 8 - Next -   75 kB/s | 368 kB     00:04
    kernel-update: Last metadata expiration check: 0:00:01 ago on Sat 13 Jan 2024 12:27:36 PM UTC.
    kernel-update: elrepo-release-8.el8.elrepo.noarch.rpm          6.1 kB/s |  13 kB     00:02
    kernel-update: Dependencies resolved.
    kernel-update: ================================================================================
    kernel-update:  Package             Arch        Version                Repository         Size
    kernel-update: ================================================================================
    kernel-update: Installing:
    kernel-update:  elrepo-release      noarch      8.3-1.el8.elrepo       @commandline       13 k
    kernel-update: 
    kernel-update: Transaction Summary
    kernel-update: ================================================================================
    kernel-update: Install  1 Package
    kernel-update: 
    kernel-update: Total size: 13 k
    kernel-update: Installed size: 5.0 k
    kernel-update: Downloading Packages:
    kernel-update: Running transaction check
    kernel-update: Transaction check succeeded.
    kernel-update: Running transaction test
    kernel-update: Transaction test succeeded.
    kernel-update: Running transaction
    kernel-update:   Preparing        :                                                        1/1
    kernel-update:   Installing       : elrepo-release-8.3-1.el8.elrepo.noarch                 1/1
    kernel-update:   Verifying        : elrepo-release-8.3-1.el8.elrepo.noarch                 1/1
    kernel-update: 
    kernel-update: Installed:
    kernel-update:   elrepo-release-8.3-1.el8.elrepo.noarch
    kernel-update: 
    kernel-update: Complete!
    kernel-update: ELRepo.org Community Enterprise Linux Repositor 1.1 kB/s | 213 kB     03:19
    kernel-update: ELRepo.org Community Enterprise Linux Kernel Re  11 kB/s | 2.2 MB     03:18
    kernel-update: Extra Packages for Enterprise Linux 8 - x86_64   10 kB/s |  26 kB     00:02
    kernel-update: Extra Packages for Enterprise Linux 8 - Next -  312  B/s |  20 kB     01:06
    kernel-update: Dependencies resolved.
    kernel-update: ================================================================================
    kernel-update:  Package              Arch      Version                  Repository        Size
    kernel-update: ================================================================================
    kernel-update: Installing:
    kernel-update:  kernel-ml            x86_64    6.6.11-1.el8.elrepo      elrepo-kernel    118 k
    kernel-update: Installing dependencies:
    kernel-update:  kernel-ml-core       x86_64    6.6.11-1.el8.elrepo      elrepo-kernel     38 M
    kernel-update:  kernel-ml-modules    x86_64    6.6.11-1.el8.elrepo      elrepo-kernel     34 M
    kernel-update: 
    kernel-update: Transaction Summary
    kernel-update: ================================================================================
    kernel-update: Install  3 Packages
    kernel-update: 
    kernel-update: Total download size: 72 M
    kernel-update: Installed size: 114 M
    kernel-update: Downloading Packages:
    kernel-update: [MIRROR] kernel-ml-6.6.11-1.el8.elrepo.x86_64.rpm: Curl error (28): Timeout was reached for https://elrepo.org/linux/kernel/el8/x86_64/RPMS/kernel-ml-6.6.11-1.el8.elrepo.x86_64.rpm [Operation timed out after 30211 milliseconds with 0 out of 0 bytes received]
    kernel-update: (1/3): kernel-ml-6.6.11-1.el8.elrepo.x86_64.rpm 3.1 kB/s | 118 kB     00:38
    kernel-update: (2/3): kernel-ml-modules-6.6.11-1.el8.elrepo.x8 707 kB/s |  34 MB     00:49
    kernel-update: (3/3): kernel-ml-core-6.6.11-1.el8.elrepo.x86_6 659 kB/s |  38 MB     00:59
    kernel-update: --------------------------------------------------------------------------------
    kernel-update: Total                                           277 kB/s |  72 MB     04:27
    kernel-update: ELRepo.org Community Enterprise Linux Kernel Re 1.6 MB/s | 1.7 kB     00:00
    kernel-update: Importing GPG key 0xBAADAE52:
    kernel-update:  Userid     : "elrepo.org (RPM Signing Key for elrepo.org) <secure@elrepo.org>"
    kernel-update:  Fingerprint: 96C0 104F 6315 4731 1E0B B1AE 309B C305 BAAD AE52
    kernel-update:  From       : /etc/pki/rpm-gpg/RPM-GPG-KEY-elrepo.org
    kernel-update: Key imported successfully
    kernel-update: Running transaction check
    kernel-update: Transaction check succeeded.
    kernel-update: Running transaction test
    kernel-update: Transaction test succeeded.
    kernel-update: Running transaction
    kernel-update:   Preparing        :                                                        1/1
    kernel-update:   Installing       : kernel-ml-core-6.6.11-1.el8.elrepo.x86_64              1/3
    kernel-update:   Running scriptlet: kernel-ml-core-6.6.11-1.el8.elrepo.x86_64              1/3
    kernel-update:   Installing       : kernel-ml-modules-6.6.11-1.el8.elrepo.x86_64           2/3
    kernel-update:   Running scriptlet: kernel-ml-modules-6.6.11-1.el8.elrepo.x86_64           2/3
    kernel-update:   Installing       : kernel-ml-6.6.11-1.el8.elrepo.x86_64                   3/3
    kernel-update:   Running scriptlet: kernel-ml-core-6.6.11-1.el8.elrepo.x86_64              3/3
    kernel-update: dracut: Disabling early microcode, because kernel does not support it. CONFIG_MICROCODE_[AMD|INTEL]!=y
    kernel-update: dracut: Disabling early microcode, because kernel does not support it. CONFIG_MICROCODE_[AMD|INTEL]!=y
    kernel-update: 
    kernel-update:   Running scriptlet: kernel-ml-6.6.11-1.el8.elrepo.x86_64                   3/3
    kernel-update:   Verifying        : kernel-ml-6.6.11-1.el8.elrepo.x86_64                   1/3
    kernel-update:   Verifying        : kernel-ml-core-6.6.11-1.el8.elrepo.x86_64              2/3
    kernel-update:   Verifying        : kernel-ml-modules-6.6.11-1.el8.elrepo.x86_64           3/3
    kernel-update: 
    kernel-update: Installed:
    kernel-update:   kernel-ml-6.6.11-1.el8.elrepo.x86_64
    kernel-update:   kernel-ml-core-6.6.11-1.el8.elrepo.x86_64
    kernel-update:   kernel-ml-modules-6.6.11-1.el8.elrepo.x86_64
    kernel-update: 
    kernel-update: Complete!
    kernel-update: Generating grub configuration file ...
    kernel-update: done
admuser@vm1:~/otus-dz1$ vagrant ssh
[vagrant@kernel-update ~]$ uname -r
6.6.11-1.el8.elrepo.x86_64
[vagrant@kernel-update ~]$ uname -a
Linux kernel-update 6.6.11-1.el8.elrepo.x86_64 #1 SMP PREEMPT_DYNAMIC Wed Jan 10 12:37:48 EST 2024 x86_64 x86_64 x86_64 GNU/Linux
[vagrant@kernel-update ~]$ 
